<?xml version="1.0" encoding="UTF-8"?>
<!-- Generated by org.testng.reporters.JUnitReportReporter -->
<testsuite hostname="zazn-bet-c4cbe1" failures="0" tests="1" name="SecuritEase.sipho_qa_demo.SearchResultsRetrieveTest" time="13.282" errors="0" timestamp="2024-09-30T23:06:53 SAST" skipped="0">
  <testcase classname="SecuritEase.sipho_qa_demo.SearchResultsRetrieveTest" name="bbcSportArticlesRetriev" time="13.282"/>
</testsuite> <!-- SecuritEase.sipho_qa_demo.SearchResultsRetrieveTest -->
