<?xml version="1.0" encoding="UTF-8"?>
<!-- Generated by org.testng.reporters.JUnitReportReporter -->
<testsuite hostname="zazn-bet-c4cbe1" failures="0" tests="1" name="SecuritEase.sipho_qa_demo.StandAloneTest" time="20.410" errors="0" timestamp="2024-09-30T12:47:56 SAST" skipped="0">
  <testcase classname="SecuritEase.sipho_qa_demo.StandAloneTest" name="bbcSportNewsRender" time="20.410"/>
</testsuite> <!-- SecuritEase.sipho_qa_demo.StandAloneTest -->
