<?xml version="1.0" encoding="UTF-8"?>
<!-- Generated by org.testng.reporters.JUnitReportReporter -->
<testsuite hostname="zazn-bet-c4cbe1" failures="0" tests="1" name="SecuritEase.sipho_qa_demo.SearchResultsRetrieveTest" time="10.582" errors="0" timestamp="2024-10-01T01:31:24 CAT" skipped="0">
  <testcase classname="SecuritEase.sipho_qa_demo.SearchResultsRetrieveTest" name="bbcSportArticlesRetriev" time="10.582"/>
</testsuite> <!-- SecuritEase.sipho_qa_demo.SearchResultsRetrieveTest -->
